2022-11-14,22:37:22 [INFO] (app.py:app:244): Parsing config file C:\Users\matth\AppData\Local\Programs\Python\Python39\lib\site-packages\tabpy\tabpy_server\app\..\common\default.conf
2022-11-14,22:37:22 [DEBUG] (app.py:app:205): Parameter port set to "9004" from default value
2022-11-14,22:37:22 [DEBUG] (app.py:app:205): Parameter server_version set to "2.5.0" from default value
2022-11-14,22:37:22 [DEBUG] (app.py:app:205): Parameter evaluate_enabled set to "True" from default value
2022-11-14,22:37:22 [DEBUG] (app.py:app:205): Parameter evaluate_timeout set to "30" from default value
2022-11-14,22:37:22 [DEBUG] (app.py:app:205): Parameter upload_dir set to "C:\Users\matth\AppData\Local\Programs\Python\Python39\lib\site-packages\tabpy\tmp\query_objects" from default value
2022-11-14,22:37:22 [DEBUG] (app.py:app:205): Parameter transfer_protocol set to "http" from default value
2022-11-14,22:37:22 [DEBUG] (app.py:app:212): Parameter certificate_file is not set
2022-11-14,22:37:22 [DEBUG] (app.py:app:212): Parameter key_file is not set
2022-11-14,22:37:22 [DEBUG] (app.py:app:205): Parameter state_file_path set to "C:\Users\matth\AppData\Local\Programs\Python\Python39\lib\site-packages\tabpy\tabpy_server" from default value
2022-11-14,22:37:22 [DEBUG] (app.py:app:205): Parameter static_path set to "C:\Users\matth\AppData\Local\Programs\Python\Python39\lib\site-packages\tabpy\tabpy_server\static" from default value
2022-11-14,22:37:22 [DEBUG] (app.py:app:212): Parameter TABPY_PWD_FILE is not set
2022-11-14,22:37:22 [DEBUG] (app.py:app:205): Parameter log_request_context set to "false" from default value
2022-11-14,22:37:22 [DEBUG] (app.py:app:205): Parameter max_request_size_in_mb set to "100" from default value
2022-11-14,22:37:22 [INFO] (app.py:app:436): Loading state from state file C:\Users\matth\AppData\Local\Programs\Python\Python39\Lib\site-packages\tabpy\tabpy_server\state.ini
2022-11-14,22:37:22 [DEBUG] (app.py:app:313): Static pages folder set to "C:\Users\matth\AppData\Local\Programs\Python\Python39\lib\site-packages\tabpy\tabpy_server\static"
2022-11-14,22:37:22 [INFO] (app.py:app:332): Password file is not specified: Authentication is not enabled
2022-11-14,22:37:22 [INFO] (app.py:app:347): Call context logging is disabled
2022-11-14,22:37:22 [INFO] (app.py:app:125): Initializing TabPy...
2022-11-14,22:37:22 [DEBUG] (proactor_events.py:proactor_events:623): Using proactor: IocpProactor
2022-11-14,22:37:22 [INFO] (callbacks.py:callbacks:43): Initializing TabPy Server...
2022-11-14,22:37:22 [DEBUG] (state.py:state:613): Loading option 'None' from section [Query Objects Service Versions]...
2022-11-14,22:37:22 [DEBUG] (state.py:state:635): Returning value '[]'
2022-11-14,22:37:22 [DEBUG] (state.py:state:148): Collected endpoints: {}
2022-11-14,22:37:22 [INFO] (app.py:app:129): Done initializing TabPy.
2022-11-14,22:37:22 [DEBUG] (selector_events.py:selector_events:59): Using selector: SelectSelector
2022-11-14,22:37:22 [INFO] (app.py:app:83): Setting max request size to 104857600 bytes
2022-11-14,22:37:22 [INFO] (callbacks.py:callbacks:64): Initializing models...
2022-11-14,22:37:22 [DEBUG] (state.py:state:613): Loading option 'None' from section [Query Objects Service Versions]...
2022-11-14,22:37:22 [DEBUG] (state.py:state:635): Returning value '[]'
2022-11-14,22:37:22 [DEBUG] (state.py:state:148): Collected endpoints: {}
2022-11-14,22:37:22 [INFO] (app.py:app:106): Web service listening on port 9004
2022-11-14,22:39:20 [WARNING] (web.py:web:2239): 404 GET /get::endpoints (::1) 1.00ms
2022-11-14,22:39:25 [DEBUG] (base_handler.py:base_handler:115): Checking if need to handle authentication
2022-11-14,22:39:25 [DEBUG] (base_handler.py:base_handler:115): Handling authentication
2022-11-14,22:39:25 [INFO] (base_handler.py:base_handler:115): Authentication is not a required feature for API "v1"
2022-11-14,22:39:25 [DEBUG] (base_handler.py:base_handler:115): Checking request headers for authentication data
2022-11-14,22:39:25 [INFO] (base_handler.py:base_handler:115): Authorization header not found
2022-11-14,22:39:25 [DEBUG] (base_handler.py:base_handler:115): authentication not required, username and password are none
2022-11-14,22:39:25 [DEBUG] (state.py:state:511): Collecting Access-Control-Allow-Origin from state file ...
2022-11-14,22:39:25 [DEBUG] (state.py:state:613): Loading option 'Access-Control-Allow-Origin' from section [Service Info]...
2022-11-14,22:39:25 [DEBUG] (state.py:state:635): Returning value ''
2022-11-14,22:39:25 [DEBUG] (state.py:state:613): Loading option 'Access-Control-Allow-Headers' from section [Service Info]...
2022-11-14,22:39:25 [DEBUG] (state.py:state:635): Returning value ''
2022-11-14,22:39:25 [DEBUG] (state.py:state:613): Loading option 'Access-Control-Allow-Methods' from section [Service Info]...
2022-11-14,22:39:25 [DEBUG] (state.py:state:635): Returning value ''
2022-11-14,22:39:25 [DEBUG] (state.py:state:613): Loading option 'Description' from section [Service Info]...
2022-11-14,22:39:25 [DEBUG] (state.py:state:635): Returning value ''
2022-11-14,22:39:25 [DEBUG] (state.py:state:613): Loading option 'Creation Time' from section [Service Info]...
2022-11-14,22:39:25 [DEBUG] (state.py:state:635): Returning value '0'
2022-11-14,22:39:25 [DEBUG] (state.py:state:613): Loading option 'Name' from section [Service Info]...
2022-11-14,22:39:25 [DEBUG] (state.py:state:635): Returning value 'TabPy Server'
2022-11-14,22:39:25 [INFO] (web.py:web:2239): 304 GET /info (::1) 4.00ms
2022-11-14,22:39:25 [DEBUG] (base_handler.py:base_handler:115): Checking if need to handle authentication
2022-11-14,22:39:25 [DEBUG] (base_handler.py:base_handler:115): Handling authentication
2022-11-14,22:39:25 [INFO] (base_handler.py:base_handler:115): Authentication is not a required feature for API "v1"
2022-11-14,22:39:25 [DEBUG] (base_handler.py:base_handler:115): Checking request headers for authentication data
2022-11-14,22:39:25 [INFO] (base_handler.py:base_handler:115): Authorization header not found
2022-11-14,22:39:25 [DEBUG] (base_handler.py:base_handler:115): authentication not required, username and password are none
2022-11-14,22:39:25 [DEBUG] (state.py:state:511): Collecting Access-Control-Allow-Origin from state file ...
2022-11-14,22:39:25 [DEBUG] (state.py:state:613): Loading option 'Access-Control-Allow-Origin' from section [Service Info]...
2022-11-14,22:39:25 [DEBUG] (state.py:state:635): Returning value ''
2022-11-14,22:39:25 [DEBUG] (state.py:state:613): Loading option 'Access-Control-Allow-Headers' from section [Service Info]...
2022-11-14,22:39:25 [DEBUG] (state.py:state:635): Returning value ''
2022-11-14,22:39:25 [DEBUG] (state.py:state:613): Loading option 'Access-Control-Allow-Methods' from section [Service Info]...
2022-11-14,22:39:25 [DEBUG] (state.py:state:635): Returning value ''
2022-11-14,22:39:25 [DEBUG] (state.py:state:613): Loading option 'None' from section [Query Objects Service Versions]...
2022-11-14,22:39:25 [DEBUG] (state.py:state:635): Returning value '[]'
2022-11-14,22:39:25 [DEBUG] (state.py:state:148): Collected endpoints: {}
2022-11-14,22:39:25 [INFO] (web.py:web:2239): 304 GET /endpoints (::1) 3.00ms
2022-11-14,22:45:08 [DEBUG] (base_handler.py:base_handler:115): Checking if need to handle authentication
2022-11-14,22:45:08 [DEBUG] (base_handler.py:base_handler:115): Handling authentication
2022-11-14,22:45:08 [INFO] (base_handler.py:base_handler:115): Authentication is not a required feature for API "v1"
2022-11-14,22:45:08 [DEBUG] (base_handler.py:base_handler:115): Checking request headers for authentication data
2022-11-14,22:45:08 [INFO] (base_handler.py:base_handler:115): Authorization header not found
2022-11-14,22:45:08 [DEBUG] (base_handler.py:base_handler:115): authentication not required, username and password are none
2022-11-14,22:45:08 [DEBUG] (state.py:state:511): Collecting Access-Control-Allow-Origin from state file ...
2022-11-14,22:45:08 [DEBUG] (state.py:state:613): Loading option 'Access-Control-Allow-Origin' from section [Service Info]...
2022-11-14,22:45:08 [DEBUG] (state.py:state:635): Returning value ''
2022-11-14,22:45:08 [DEBUG] (state.py:state:613): Loading option 'Access-Control-Allow-Headers' from section [Service Info]...
2022-11-14,22:45:08 [DEBUG] (state.py:state:635): Returning value ''
2022-11-14,22:45:08 [DEBUG] (state.py:state:613): Loading option 'Access-Control-Allow-Methods' from section [Service Info]...
2022-11-14,22:45:08 [DEBUG] (state.py:state:635): Returning value ''
2022-11-14,22:45:08 [DEBUG] (state.py:state:613): Loading option 'Description' from section [Service Info]...
2022-11-14,22:45:08 [DEBUG] (state.py:state:635): Returning value ''
2022-11-14,22:45:08 [DEBUG] (state.py:state:613): Loading option 'Creation Time' from section [Service Info]...
2022-11-14,22:45:08 [DEBUG] (state.py:state:635): Returning value '0'
2022-11-14,22:45:08 [DEBUG] (state.py:state:613): Loading option 'Name' from section [Service Info]...
2022-11-14,22:45:08 [DEBUG] (state.py:state:635): Returning value 'TabPy Server'
2022-11-14,22:45:08 [INFO] (web.py:web:2239): 200 GET /info (127.0.0.1) 4.00ms
2022-11-14,22:45:10 [DEBUG] (base_handler.py:base_handler:115): Checking if need to handle authentication
2022-11-14,22:45:10 [DEBUG] (base_handler.py:base_handler:115): Handling authentication
2022-11-14,22:45:10 [INFO] (base_handler.py:base_handler:115): Authentication is not a required feature for API "v1"
2022-11-14,22:45:10 [DEBUG] (base_handler.py:base_handler:115): Checking request headers for authentication data
2022-11-14,22:45:10 [INFO] (base_handler.py:base_handler:115): Authorization header not found
2022-11-14,22:45:10 [DEBUG] (base_handler.py:base_handler:115): authentication not required, username and password are none
2022-11-14,22:45:10 [DEBUG] (state.py:state:511): Collecting Access-Control-Allow-Origin from state file ...
2022-11-14,22:45:10 [DEBUG] (state.py:state:613): Loading option 'Access-Control-Allow-Origin' from section [Service Info]...
2022-11-14,22:45:10 [DEBUG] (state.py:state:635): Returning value ''
2022-11-14,22:45:10 [DEBUG] (state.py:state:613): Loading option 'Access-Control-Allow-Headers' from section [Service Info]...
2022-11-14,22:45:10 [DEBUG] (state.py:state:635): Returning value ''
2022-11-14,22:45:10 [DEBUG] (state.py:state:613): Loading option 'Access-Control-Allow-Methods' from section [Service Info]...
2022-11-14,22:45:10 [DEBUG] (state.py:state:635): Returning value ''
2022-11-14,22:45:10 [DEBUG] (state.py:state:613): Loading option 'Description' from section [Service Info]...
2022-11-14,22:45:10 [DEBUG] (state.py:state:635): Returning value ''
2022-11-14,22:45:10 [DEBUG] (state.py:state:613): Loading option 'Creation Time' from section [Service Info]...
2022-11-14,22:45:10 [DEBUG] (state.py:state:635): Returning value '0'
2022-11-14,22:45:10 [DEBUG] (state.py:state:613): Loading option 'Name' from section [Service Info]...
2022-11-14,22:45:10 [DEBUG] (state.py:state:635): Returning value 'TabPy Server'
2022-11-14,22:45:10 [INFO] (web.py:web:2239): 200 GET /info (127.0.0.1) 4.00ms
2022-11-14,22:45:10 [DEBUG] (base_handler.py:base_handler:115): Checking if need to handle authentication
2022-11-14,22:45:10 [DEBUG] (base_handler.py:base_handler:115): Handling authentication
2022-11-14,22:45:10 [INFO] (base_handler.py:base_handler:115): Authentication is not a required feature for API "v1"
2022-11-14,22:45:10 [DEBUG] (base_handler.py:base_handler:115): Checking request headers for authentication data
2022-11-14,22:45:10 [INFO] (base_handler.py:base_handler:115): Authorization header not found
2022-11-14,22:45:10 [DEBUG] (base_handler.py:base_handler:115): authentication not required, username and password are none
2022-11-14,22:45:10 [DEBUG] (state.py:state:511): Collecting Access-Control-Allow-Origin from state file ...
2022-11-14,22:45:10 [DEBUG] (state.py:state:613): Loading option 'Access-Control-Allow-Origin' from section [Service Info]...
2022-11-14,22:45:10 [DEBUG] (state.py:state:635): Returning value ''
2022-11-14,22:45:10 [DEBUG] (state.py:state:613): Loading option 'Access-Control-Allow-Headers' from section [Service Info]...
2022-11-14,22:45:10 [DEBUG] (state.py:state:635): Returning value ''
2022-11-14,22:45:10 [DEBUG] (state.py:state:613): Loading option 'Access-Control-Allow-Methods' from section [Service Info]...
2022-11-14,22:45:10 [DEBUG] (state.py:state:635): Returning value ''
2022-11-14,22:45:10 [DEBUG] (base_handler.py:base_handler:115): Processing POST request '{'script': "return tabpy.query('add',_arg1,_arg2)['response']", 'data': {'_arg1': [1], '_arg2': [2]}}'...
2022-11-14,22:45:10 [INFO] (base_handler.py:base_handler:115): function to evaluate=def _user_script(tabpy, _arg1, _arg2):
 return tabpy.query('add',_arg1,_arg2)['response']

2022-11-14,22:45:10 [DEBUG] (base_handler.py:base_handler:115): Querying http://localhost:9004/query/add...
2022-11-14,22:45:10 [DEBUG] (connectionpool.py:connectionpool:227): Starting new HTTP connection (1): localhost:9004
2022-11-14,22:45:10 [DEBUG] (base_handler.py:base_handler:115): Checking if need to handle authentication
2022-11-14,22:45:10 [DEBUG] (base_handler.py:base_handler:115): Handling authentication
2022-11-14,22:45:10 [INFO] (base_handler.py:base_handler:115): Authentication is not a required feature for API "v1"
2022-11-14,22:45:10 [DEBUG] (base_handler.py:base_handler:115): Checking request headers for authentication data
2022-11-14,22:45:10 [INFO] (base_handler.py:base_handler:115): Authorization header not found
2022-11-14,22:45:10 [DEBUG] (base_handler.py:base_handler:115): authentication not required, username and password are none
2022-11-14,22:45:10 [DEBUG] (base_handler.py:base_handler:115): Processing POST for /query/add...
2022-11-14,22:45:10 [DEBUG] (base_handler.py:base_handler:115): Processing query add...
2022-11-14,22:45:10 [DEBUG] (state.py:state:511): Collecting Access-Control-Allow-Origin from state file ...
2022-11-14,22:45:10 [DEBUG] (state.py:state:613): Loading option 'Access-Control-Allow-Origin' from section [Service Info]...
2022-11-14,22:45:10 [DEBUG] (state.py:state:635): Returning value ''
2022-11-14,22:45:10 [DEBUG] (state.py:state:613): Loading option 'Access-Control-Allow-Headers' from section [Service Info]...
2022-11-14,22:45:10 [DEBUG] (state.py:state:635): Returning value ''
2022-11-14,22:45:10 [DEBUG] (state.py:state:613): Loading option 'Access-Control-Allow-Methods' from section [Service Info]...
2022-11-14,22:45:10 [DEBUG] (state.py:state:635): Returning value ''
2022-11-14,22:45:10 [ERROR] (base_handler.py:base_handler:115): Responding with status=404, message="UnknownURI", info="Endpoint 'add' does not exist"
2022-11-14,22:45:10 [DEBUG] (connectionpool.py:connectionpool:452): http://localhost:9004 "POST /query/add HTTP/1.1" 404 66
2022-11-14,22:45:10 [WARNING] (web.py:web:2239): 404 POST /query/add (::1) 3.00ms
2022-11-14,22:45:10 [ERROR] (base_handler.py:base_handler:115): Responding with status=404, message="Error processing script", info="The endpoint you're trying to query did not respond. Please make sure the endpoint exists and the correct set of arguments are provided."
2022-11-14,22:45:10 [WARNING] (web.py:web:2239): 404 POST /evaluate (127.0.0.1) 13.00ms
2022-11-14,22:45:31 [DEBUG] (base_handler.py:base_handler:115): Checking if need to handle authentication
2022-11-14,22:45:31 [DEBUG] (base_handler.py:base_handler:115): Handling authentication
2022-11-14,22:45:31 [INFO] (base_handler.py:base_handler:115): Authentication is not a required feature for API "v1"
2022-11-14,22:45:31 [DEBUG] (base_handler.py:base_handler:115): Checking request headers for authentication data
2022-11-14,22:45:31 [INFO] (base_handler.py:base_handler:115): Authorization header not found
2022-11-14,22:45:31 [DEBUG] (base_handler.py:base_handler:115): authentication not required, username and password are none
2022-11-14,22:45:31 [DEBUG] (state.py:state:511): Collecting Access-Control-Allow-Origin from state file ...
2022-11-14,22:45:31 [DEBUG] (state.py:state:613): Loading option 'Access-Control-Allow-Origin' from section [Service Info]...
2022-11-14,22:45:31 [DEBUG] (state.py:state:635): Returning value ''
2022-11-14,22:45:31 [DEBUG] (state.py:state:613): Loading option 'Access-Control-Allow-Headers' from section [Service Info]...
2022-11-14,22:45:31 [DEBUG] (state.py:state:635): Returning value ''
2022-11-14,22:45:31 [DEBUG] (state.py:state:613): Loading option 'Access-Control-Allow-Methods' from section [Service Info]...
2022-11-14,22:45:31 [DEBUG] (state.py:state:635): Returning value ''
2022-11-14,22:45:31 [DEBUG] (state.py:state:613): Loading option 'Description' from section [Service Info]...
2022-11-14,22:45:31 [DEBUG] (state.py:state:635): Returning value ''
2022-11-14,22:45:31 [DEBUG] (state.py:state:613): Loading option 'Creation Time' from section [Service Info]...
2022-11-14,22:45:31 [DEBUG] (state.py:state:635): Returning value '0'
2022-11-14,22:45:31 [DEBUG] (state.py:state:613): Loading option 'Name' from section [Service Info]...
2022-11-14,22:45:31 [DEBUG] (state.py:state:635): Returning value 'TabPy Server'
2022-11-14,22:45:31 [INFO] (web.py:web:2239): 200 GET /info (127.0.0.1) 4.00ms
2022-11-14,22:46:34 [INFO] (web.py:web:2239): 304 GET / (::1) 112.00ms
2022-11-14,22:46:34 [DEBUG] (base_handler.py:base_handler:115): Checking if need to handle authentication
2022-11-14,22:46:34 [DEBUG] (base_handler.py:base_handler:115): Handling authentication
2022-11-14,22:46:34 [INFO] (base_handler.py:base_handler:115): Authentication is not a required feature for API "v1"
2022-11-14,22:46:34 [DEBUG] (base_handler.py:base_handler:115): Checking request headers for authentication data
2022-11-14,22:46:34 [INFO] (base_handler.py:base_handler:115): Authorization header not found
2022-11-14,22:46:34 [DEBUG] (base_handler.py:base_handler:115): authentication not required, username and password are none
2022-11-14,22:46:34 [DEBUG] (state.py:state:511): Collecting Access-Control-Allow-Origin from state file ...
2022-11-14,22:46:34 [DEBUG] (state.py:state:613): Loading option 'Access-Control-Allow-Origin' from section [Service Info]...
2022-11-14,22:46:34 [DEBUG] (state.py:state:635): Returning value ''
2022-11-14,22:46:34 [DEBUG] (state.py:state:613): Loading option 'Access-Control-Allow-Headers' from section [Service Info]...
2022-11-14,22:46:34 [DEBUG] (state.py:state:635): Returning value ''
2022-11-14,22:46:34 [DEBUG] (state.py:state:613): Loading option 'Access-Control-Allow-Methods' from section [Service Info]...
2022-11-14,22:46:34 [DEBUG] (state.py:state:635): Returning value ''
2022-11-14,22:46:34 [DEBUG] (state.py:state:613): Loading option 'Description' from section [Service Info]...
2022-11-14,22:46:34 [DEBUG] (state.py:state:635): Returning value ''
2022-11-14,22:46:34 [DEBUG] (state.py:state:613): Loading option 'Creation Time' from section [Service Info]...
2022-11-14,22:46:34 [DEBUG] (state.py:state:635): Returning value '0'
2022-11-14,22:46:34 [DEBUG] (state.py:state:613): Loading option 'Name' from section [Service Info]...
2022-11-14,22:46:34 [DEBUG] (state.py:state:635): Returning value 'TabPy Server'
2022-11-14,22:46:34 [INFO] (web.py:web:2239): 304 GET /info (::1) 5.00ms
2022-11-14,22:46:34 [DEBUG] (base_handler.py:base_handler:115): Checking if need to handle authentication
2022-11-14,22:46:34 [DEBUG] (base_handler.py:base_handler:115): Handling authentication
2022-11-14,22:46:34 [INFO] (base_handler.py:base_handler:115): Authentication is not a required feature for API "v1"
2022-11-14,22:46:34 [DEBUG] (base_handler.py:base_handler:115): Checking request headers for authentication data
2022-11-14,22:46:34 [INFO] (base_handler.py:base_handler:115): Authorization header not found
2022-11-14,22:46:34 [DEBUG] (base_handler.py:base_handler:115): authentication not required, username and password are none
2022-11-14,22:46:34 [DEBUG] (state.py:state:511): Collecting Access-Control-Allow-Origin from state file ...
2022-11-14,22:46:34 [DEBUG] (state.py:state:613): Loading option 'Access-Control-Allow-Origin' from section [Service Info]...
2022-11-14,22:46:34 [DEBUG] (state.py:state:635): Returning value ''
2022-11-14,22:46:34 [DEBUG] (state.py:state:613): Loading option 'Access-Control-Allow-Headers' from section [Service Info]...
2022-11-14,22:46:34 [DEBUG] (state.py:state:635): Returning value ''
2022-11-14,22:46:34 [DEBUG] (state.py:state:613): Loading option 'Access-Control-Allow-Methods' from section [Service Info]...
2022-11-14,22:46:34 [DEBUG] (state.py:state:635): Returning value ''
2022-11-14,22:46:34 [DEBUG] (state.py:state:613): Loading option 'None' from section [Query Objects Service Versions]...
2022-11-14,22:46:34 [DEBUG] (state.py:state:635): Returning value '[]'
2022-11-14,22:46:34 [DEBUG] (state.py:state:148): Collected endpoints: {}
2022-11-14,22:46:34 [INFO] (web.py:web:2239): 304 GET /endpoints (::1) 3.00ms
2022-11-14,22:46:36 [INFO] (web.py:web:2239): 304 GET / (::1) 1.00ms
2022-11-14,22:46:36 [DEBUG] (base_handler.py:base_handler:115): Checking if need to handle authentication
2022-11-14,22:46:36 [DEBUG] (base_handler.py:base_handler:115): Handling authentication
2022-11-14,22:46:36 [INFO] (base_handler.py:base_handler:115): Authentication is not a required feature for API "v1"
2022-11-14,22:46:36 [DEBUG] (base_handler.py:base_handler:115): Checking request headers for authentication data
2022-11-14,22:46:36 [INFO] (base_handler.py:base_handler:115): Authorization header not found
2022-11-14,22:46:36 [DEBUG] (base_handler.py:base_handler:115): authentication not required, username and password are none
2022-11-14,22:46:36 [DEBUG] (state.py:state:511): Collecting Access-Control-Allow-Origin from state file ...
2022-11-14,22:46:36 [DEBUG] (state.py:state:613): Loading option 'Access-Control-Allow-Origin' from section [Service Info]...
2022-11-14,22:46:36 [DEBUG] (state.py:state:635): Returning value ''
2022-11-14,22:46:36 [DEBUG] (state.py:state:613): Loading option 'Access-Control-Allow-Headers' from section [Service Info]...
2022-11-14,22:46:36 [DEBUG] (state.py:state:635): Returning value ''
2022-11-14,22:46:36 [DEBUG] (state.py:state:613): Loading option 'Access-Control-Allow-Methods' from section [Service Info]...
2022-11-14,22:46:36 [DEBUG] (state.py:state:635): Returning value ''
2022-11-14,22:46:36 [DEBUG] (state.py:state:613): Loading option 'Description' from section [Service Info]...
2022-11-14,22:46:36 [DEBUG] (state.py:state:635): Returning value ''
2022-11-14,22:46:36 [DEBUG] (state.py:state:613): Loading option 'Creation Time' from section [Service Info]...
2022-11-14,22:46:36 [DEBUG] (state.py:state:635): Returning value '0'
2022-11-14,22:46:36 [DEBUG] (state.py:state:613): Loading option 'Name' from section [Service Info]...
2022-11-14,22:46:36 [DEBUG] (state.py:state:635): Returning value 'TabPy Server'
2022-11-14,22:46:36 [INFO] (web.py:web:2239): 304 GET /info (::1) 4.00ms
2022-11-14,22:46:36 [DEBUG] (base_handler.py:base_handler:115): Checking if need to handle authentication
2022-11-14,22:46:36 [DEBUG] (base_handler.py:base_handler:115): Handling authentication
2022-11-14,22:46:36 [INFO] (base_handler.py:base_handler:115): Authentication is not a required feature for API "v1"
2022-11-14,22:46:36 [DEBUG] (base_handler.py:base_handler:115): Checking request headers for authentication data
2022-11-14,22:46:36 [INFO] (base_handler.py:base_handler:115): Authorization header not found
2022-11-14,22:46:36 [DEBUG] (base_handler.py:base_handler:115): authentication not required, username and password are none
2022-11-14,22:46:36 [DEBUG] (state.py:state:511): Collecting Access-Control-Allow-Origin from state file ...
2022-11-14,22:46:36 [DEBUG] (state.py:state:613): Loading option 'Access-Control-Allow-Origin' from section [Service Info]...
2022-11-14,22:46:36 [DEBUG] (state.py:state:635): Returning value ''
2022-11-14,22:46:36 [DEBUG] (state.py:state:613): Loading option 'Access-Control-Allow-Headers' from section [Service Info]...
2022-11-14,22:46:36 [DEBUG] (state.py:state:635): Returning value ''
2022-11-14,22:46:36 [DEBUG] (state.py:state:613): Loading option 'Access-Control-Allow-Methods' from section [Service Info]...
2022-11-14,22:46:36 [DEBUG] (state.py:state:635): Returning value ''
2022-11-14,22:46:36 [DEBUG] (state.py:state:613): Loading option 'None' from section [Query Objects Service Versions]...
2022-11-14,22:46:36 [DEBUG] (state.py:state:635): Returning value '[]'
2022-11-14,22:46:36 [DEBUG] (state.py:state:148): Collected endpoints: {}
2022-11-14,22:46:36 [INFO] (web.py:web:2239): 304 GET /endpoints (::1) 3.00ms
2022-11-14,22:49:06 [INFO] (web.py:web:2239): 304 GET / (::1) 1.00ms
2022-11-14,22:49:06 [DEBUG] (base_handler.py:base_handler:115): Checking if need to handle authentication
2022-11-14,22:49:07 [DEBUG] (base_handler.py:base_handler:115): Handling authentication
2022-11-14,22:49:07 [INFO] (base_handler.py:base_handler:115): Authentication is not a required feature for API "v1"
2022-11-14,22:49:07 [DEBUG] (base_handler.py:base_handler:115): Checking request headers for authentication data
2022-11-14,22:49:07 [INFO] (base_handler.py:base_handler:115): Authorization header not found
2022-11-14,22:49:07 [DEBUG] (base_handler.py:base_handler:115): authentication not required, username and password are none
2022-11-14,22:49:07 [DEBUG] (state.py:state:511): Collecting Access-Control-Allow-Origin from state file ...
2022-11-14,22:49:07 [DEBUG] (state.py:state:613): Loading option 'Access-Control-Allow-Origin' from section [Service Info]...
2022-11-14,22:49:07 [DEBUG] (state.py:state:635): Returning value ''
2022-11-14,22:49:07 [DEBUG] (state.py:state:613): Loading option 'Access-Control-Allow-Headers' from section [Service Info]...
2022-11-14,22:49:07 [DEBUG] (state.py:state:635): Returning value ''
2022-11-14,22:49:07 [DEBUG] (state.py:state:613): Loading option 'Access-Control-Allow-Methods' from section [Service Info]...
2022-11-14,22:49:07 [DEBUG] (state.py:state:635): Returning value ''
2022-11-14,22:49:07 [DEBUG] (state.py:state:613): Loading option 'Description' from section [Service Info]...
2022-11-14,22:49:07 [DEBUG] (state.py:state:635): Returning value ''
2022-11-14,22:49:07 [DEBUG] (state.py:state:613): Loading option 'Creation Time' from section [Service Info]...
2022-11-14,22:49:07 [DEBUG] (state.py:state:635): Returning value '0'
2022-11-14,22:49:07 [DEBUG] (state.py:state:613): Loading option 'Name' from section [Service Info]...
2022-11-14,22:49:07 [DEBUG] (state.py:state:635): Returning value 'TabPy Server'
2022-11-14,22:49:07 [INFO] (web.py:web:2239): 304 GET /info (::1) 4.00ms
2022-11-14,22:49:07 [DEBUG] (base_handler.py:base_handler:115): Checking if need to handle authentication
2022-11-14,22:49:07 [DEBUG] (base_handler.py:base_handler:115): Handling authentication
2022-11-14,22:49:07 [INFO] (base_handler.py:base_handler:115): Authentication is not a required feature for API "v1"
2022-11-14,22:49:07 [DEBUG] (base_handler.py:base_handler:115): Checking request headers for authentication data
2022-11-14,22:49:07 [INFO] (base_handler.py:base_handler:115): Authorization header not found
2022-11-14,22:49:07 [DEBUG] (base_handler.py:base_handler:115): authentication not required, username and password are none
2022-11-14,22:49:07 [DEBUG] (state.py:state:511): Collecting Access-Control-Allow-Origin from state file ...
2022-11-14,22:49:07 [DEBUG] (state.py:state:613): Loading option 'Access-Control-Allow-Origin' from section [Service Info]...
2022-11-14,22:49:07 [DEBUG] (state.py:state:635): Returning value ''
2022-11-14,22:49:07 [DEBUG] (state.py:state:613): Loading option 'Access-Control-Allow-Headers' from section [Service Info]...
2022-11-14,22:49:07 [DEBUG] (state.py:state:635): Returning value ''
2022-11-14,22:49:07 [DEBUG] (state.py:state:613): Loading option 'Access-Control-Allow-Methods' from section [Service Info]...
2022-11-14,22:49:07 [DEBUG] (state.py:state:635): Returning value ''
2022-11-14,22:49:07 [DEBUG] (state.py:state:613): Loading option 'None' from section [Query Objects Service Versions]...
2022-11-14,22:49:07 [DEBUG] (state.py:state:635): Returning value '[]'
2022-11-14,22:49:07 [DEBUG] (state.py:state:148): Collected endpoints: {}
2022-11-14,22:49:07 [INFO] (web.py:web:2239): 304 GET /endpoints (::1) 3.00ms
2022-11-14,22:49:38 [INFO] (web.py:web:2239): 304 GET / (::1) 1.00ms
2022-11-14,22:49:38 [DEBUG] (base_handler.py:base_handler:115): Checking if need to handle authentication
2022-11-14,22:49:38 [DEBUG] (base_handler.py:base_handler:115): Handling authentication
2022-11-14,22:49:38 [INFO] (base_handler.py:base_handler:115): Authentication is not a required feature for API "v1"
2022-11-14,22:49:38 [DEBUG] (base_handler.py:base_handler:115): Checking request headers for authentication data
2022-11-14,22:49:38 [INFO] (base_handler.py:base_handler:115): Authorization header not found
2022-11-14,22:49:38 [DEBUG] (base_handler.py:base_handler:115): authentication not required, username and password are none
2022-11-14,22:49:38 [DEBUG] (state.py:state:511): Collecting Access-Control-Allow-Origin from state file ...
2022-11-14,22:49:38 [DEBUG] (state.py:state:613): Loading option 'Access-Control-Allow-Origin' from section [Service Info]...
2022-11-14,22:49:38 [DEBUG] (state.py:state:635): Returning value ''
2022-11-14,22:49:38 [DEBUG] (state.py:state:613): Loading option 'Access-Control-Allow-Headers' from section [Service Info]...
2022-11-14,22:49:38 [DEBUG] (state.py:state:635): Returning value ''
2022-11-14,22:49:38 [DEBUG] (state.py:state:613): Loading option 'Access-Control-Allow-Methods' from section [Service Info]...
2022-11-14,22:49:38 [DEBUG] (state.py:state:635): Returning value ''
2022-11-14,22:49:38 [DEBUG] (state.py:state:613): Loading option 'Description' from section [Service Info]...
2022-11-14,22:49:38 [DEBUG] (state.py:state:635): Returning value ''
2022-11-14,22:49:38 [DEBUG] (state.py:state:613): Loading option 'Creation Time' from section [Service Info]...
2022-11-14,22:49:38 [DEBUG] (state.py:state:635): Returning value '0'
2022-11-14,22:49:38 [DEBUG] (state.py:state:613): Loading option 'Name' from section [Service Info]...
2022-11-14,22:49:38 [DEBUG] (state.py:state:635): Returning value 'TabPy Server'
2022-11-14,22:49:38 [INFO] (web.py:web:2239): 304 GET /info (::1) 4.00ms
2022-11-14,22:49:38 [DEBUG] (base_handler.py:base_handler:115): Checking if need to handle authentication
2022-11-14,22:49:38 [DEBUG] (base_handler.py:base_handler:115): Handling authentication
2022-11-14,22:49:38 [INFO] (base_handler.py:base_handler:115): Authentication is not a required feature for API "v1"
2022-11-14,22:49:38 [DEBUG] (base_handler.py:base_handler:115): Checking request headers for authentication data
2022-11-14,22:49:38 [INFO] (base_handler.py:base_handler:115): Authorization header not found
2022-11-14,22:49:38 [DEBUG] (base_handler.py:base_handler:115): authentication not required, username and password are none
2022-11-14,22:49:38 [DEBUG] (state.py:state:511): Collecting Access-Control-Allow-Origin from state file ...
2022-11-14,22:49:38 [DEBUG] (state.py:state:613): Loading option 'Access-Control-Allow-Origin' from section [Service Info]...
2022-11-14,22:49:38 [DEBUG] (state.py:state:635): Returning value ''
2022-11-14,22:49:38 [DEBUG] (state.py:state:613): Loading option 'Access-Control-Allow-Headers' from section [Service Info]...
2022-11-14,22:49:38 [DEBUG] (state.py:state:635): Returning value ''
2022-11-14,22:49:38 [DEBUG] (state.py:state:613): Loading option 'Access-Control-Allow-Methods' from section [Service Info]...
2022-11-14,22:49:38 [DEBUG] (state.py:state:635): Returning value ''
2022-11-14,22:49:38 [DEBUG] (state.py:state:613): Loading option 'None' from section [Query Objects Service Versions]...
2022-11-14,22:49:38 [DEBUG] (state.py:state:635): Returning value '[]'
2022-11-14,22:49:38 [DEBUG] (state.py:state:148): Collected endpoints: {}
2022-11-14,22:49:38 [INFO] (web.py:web:2239): 304 GET /endpoints (::1) 3.00ms
