2022-11-16,02:23:42 [INFO] (app.py:app:244): Parsing config file C:\Users\matth\AppData\Local\Programs\Python\Python39\lib\site-packages\tabpy\tabpy_server\app\..\common\default.conf
2022-11-16,02:23:42 [DEBUG] (app.py:app:205): Parameter port set to "9004" from default value
2022-11-16,02:23:42 [DEBUG] (app.py:app:205): Parameter server_version set to "2.5.0" from default value
2022-11-16,02:23:42 [DEBUG] (app.py:app:205): Parameter evaluate_enabled set to "True" from default value
2022-11-16,02:23:42 [DEBUG] (app.py:app:205): Parameter evaluate_timeout set to "30" from default value
2022-11-16,02:23:42 [DEBUG] (app.py:app:205): Parameter upload_dir set to "C:\Users\matth\AppData\Local\Programs\Python\Python39\lib\site-packages\tabpy\tmp\query_objects" from default value
2022-11-16,02:23:42 [DEBUG] (app.py:app:205): Parameter transfer_protocol set to "http" from default value
2022-11-16,02:23:42 [DEBUG] (app.py:app:212): Parameter certificate_file is not set
2022-11-16,02:23:42 [DEBUG] (app.py:app:212): Parameter key_file is not set
2022-11-16,02:23:42 [DEBUG] (app.py:app:205): Parameter state_file_path set to "C:\Users\matth\AppData\Local\Programs\Python\Python39\lib\site-packages\tabpy\tabpy_server" from default value
2022-11-16,02:23:42 [DEBUG] (app.py:app:205): Parameter static_path set to "C:\Users\matth\AppData\Local\Programs\Python\Python39\lib\site-packages\tabpy\tabpy_server\static" from default value
2022-11-16,02:23:42 [DEBUG] (app.py:app:212): Parameter TABPY_PWD_FILE is not set
2022-11-16,02:23:42 [DEBUG] (app.py:app:205): Parameter log_request_context set to "false" from default value
2022-11-16,02:23:42 [DEBUG] (app.py:app:205): Parameter max_request_size_in_mb set to "100" from default value
2022-11-16,02:23:42 [INFO] (app.py:app:436): Loading state from state file C:\Users\matth\AppData\Local\Programs\Python\Python39\Lib\site-packages\tabpy\tabpy_server\state.ini
2022-11-16,02:23:42 [DEBUG] (app.py:app:313): Static pages folder set to "C:\Users\matth\AppData\Local\Programs\Python\Python39\lib\site-packages\tabpy\tabpy_server\static"
2022-11-16,02:23:42 [INFO] (app.py:app:332): Password file is not specified: Authentication is not enabled
2022-11-16,02:23:42 [INFO] (app.py:app:347): Call context logging is disabled
2022-11-16,02:23:42 [INFO] (app.py:app:125): Initializing TabPy...
2022-11-16,02:23:42 [DEBUG] (proactor_events.py:proactor_events:623): Using proactor: IocpProactor
2022-11-16,02:23:42 [INFO] (callbacks.py:callbacks:43): Initializing TabPy Server...
2022-11-16,02:23:42 [DEBUG] (state.py:state:613): Loading option 'None' from section [Query Objects Service Versions]...
2022-11-16,02:23:42 [DEBUG] (state.py:state:635): Returning value '['add']'
2022-11-16,02:23:42 [DEBUG] (state.py:state:613): Loading option 'add' from section [Query Objects Service Versions]...
2022-11-16,02:23:42 [DEBUG] (state.py:state:635): Returning value '{"description": "Adds two numbers together.", "type": "model", "version": 5, "dependencies": [], "target": null, "creation_time": 1668581957, "last_modified_time": 1668585029, "schema": null}'
2022-11-16,02:23:42 [DEBUG] (state.py:state:613): Loading option 'add' from section [Query Objects Docstrings]...
2022-11-16,02:23:42 [DEBUG] (state.py:state:635): Returning value '-- no docstring found in query function --'
2022-11-16,02:23:42 [DEBUG] (state.py:state:148): Collected endpoints: {'add': {'description': 'Adds two numbers together.', 'type': 'model', 'version': 5, 'dependencies': [], 'target': None, 'creation_time': 1668581957, 'last_modified_time': 1668585029, 'schema': None, 'docstring': '-- no docstring found in query function --'}}
2022-11-16,02:23:42 [INFO] (app.py:app:129): Done initializing TabPy.
2022-11-16,02:23:42 [DEBUG] (selector_events.py:selector_events:59): Using selector: SelectSelector
2022-11-16,02:23:42 [INFO] (app.py:app:83): Setting max request size to 104857600 bytes
2022-11-16,02:23:42 [INFO] (callbacks.py:callbacks:64): Initializing models...
2022-11-16,02:23:42 [DEBUG] (state.py:state:613): Loading option 'None' from section [Query Objects Service Versions]...
2022-11-16,02:23:42 [DEBUG] (state.py:state:635): Returning value '['add']'
2022-11-16,02:23:42 [DEBUG] (state.py:state:613): Loading option 'add' from section [Query Objects Service Versions]...
2022-11-16,02:23:42 [DEBUG] (state.py:state:635): Returning value '{"description": "Adds two numbers together.", "type": "model", "version": 5, "dependencies": [], "target": null, "creation_time": 1668581957, "last_modified_time": 1668585029, "schema": null}'
2022-11-16,02:23:42 [DEBUG] (state.py:state:613): Loading option 'add' from section [Query Objects Docstrings]...
2022-11-16,02:23:42 [DEBUG] (state.py:state:635): Returning value '-- no docstring found in query function --'
2022-11-16,02:23:42 [DEBUG] (state.py:state:148): Collected endpoints: {'add': {'description': 'Adds two numbers together.', 'type': 'model', 'version': 5, 'dependencies': [], 'target': None, 'creation_time': 1668581957, 'last_modified_time': 1668585029, 'schema': None, 'docstring': '-- no docstring found in query function --'}}
2022-11-16,02:23:42 [INFO] (callbacks.py:callbacks:75): Load endpoint: add, version: 5, type: model
2022-11-16,02:23:42 [DEBUG] (python_service.py:python_service:39): Received request LoadObject
2022-11-16,02:23:42 [DEBUG] (python_service.py:python_service:53): Returning response LoadInProgress(uri='add', path='C:\\Users\\matth\\AppData\\Local\\Programs\\Python\\Python39\\Lib\\site-packages\\tabpy\\tabpy_server/query_objects/add/5', version=5, is_update=False, endpoint_type='model')
2022-11-16,02:23:42 [INFO] (python_service.py:python_service:89): Loading object:, URI=add, URL=C:\Users\matth\AppData\Local\Programs\Python\Python39\Lib\site-packages\tabpy\tabpy_server/query_objects/add/5, version=5, is_updated=False
2022-11-16,02:23:42 [INFO] (app.py:app:106): Web service listening on port 9004
2022-11-16,02:23:42 [INFO] (query_object.py:query_object:80): Loaded query object "CustomQueryObject" successfully
2022-11-16,02:26:15 [INFO] (app.py:app:244): Parsing config file C:\Users\matth\AppData\Local\Programs\Python\Python39\lib\site-packages\tabpy\tabpy_server\app\..\common\default.conf
2022-11-16,02:26:15 [DEBUG] (app.py:app:205): Parameter port set to "9004" from default value
2022-11-16,02:26:15 [DEBUG] (app.py:app:205): Parameter server_version set to "2.5.0" from default value
2022-11-16,02:26:15 [DEBUG] (app.py:app:205): Parameter evaluate_enabled set to "True" from default value
2022-11-16,02:26:15 [DEBUG] (app.py:app:205): Parameter evaluate_timeout set to "30" from default value
2022-11-16,02:26:15 [DEBUG] (app.py:app:205): Parameter upload_dir set to "C:\Users\matth\AppData\Local\Programs\Python\Python39\lib\site-packages\tabpy\tmp\query_objects" from default value
2022-11-16,02:26:15 [DEBUG] (app.py:app:205): Parameter transfer_protocol set to "http" from default value
2022-11-16,02:26:15 [DEBUG] (app.py:app:212): Parameter certificate_file is not set
2022-11-16,02:26:15 [DEBUG] (app.py:app:212): Parameter key_file is not set
2022-11-16,02:26:15 [DEBUG] (app.py:app:205): Parameter state_file_path set to "C:\Users\matth\AppData\Local\Programs\Python\Python39\lib\site-packages\tabpy\tabpy_server" from default value
2022-11-16,02:26:15 [DEBUG] (app.py:app:205): Parameter static_path set to "C:\Users\matth\AppData\Local\Programs\Python\Python39\lib\site-packages\tabpy\tabpy_server\static" from default value
2022-11-16,02:26:15 [DEBUG] (app.py:app:212): Parameter TABPY_PWD_FILE is not set
2022-11-16,02:26:15 [DEBUG] (app.py:app:205): Parameter log_request_context set to "false" from default value
2022-11-16,02:26:15 [DEBUG] (app.py:app:205): Parameter max_request_size_in_mb set to "100" from default value
2022-11-16,02:26:15 [INFO] (app.py:app:436): Loading state from state file C:\Users\matth\AppData\Local\Programs\Python\Python39\Lib\site-packages\tabpy\tabpy_server\state.ini
2022-11-16,02:26:15 [DEBUG] (app.py:app:313): Static pages folder set to "C:\Users\matth\AppData\Local\Programs\Python\Python39\lib\site-packages\tabpy\tabpy_server\static"
2022-11-16,02:26:15 [INFO] (app.py:app:332): Password file is not specified: Authentication is not enabled
2022-11-16,02:26:15 [INFO] (app.py:app:347): Call context logging is disabled
2022-11-16,02:26:15 [INFO] (app.py:app:125): Initializing TabPy...
2022-11-16,02:26:15 [DEBUG] (proactor_events.py:proactor_events:623): Using proactor: IocpProactor
2022-11-16,02:26:15 [INFO] (callbacks.py:callbacks:43): Initializing TabPy Server...
2022-11-16,02:26:15 [DEBUG] (state.py:state:613): Loading option 'None' from section [Query Objects Service Versions]...
2022-11-16,02:26:15 [DEBUG] (state.py:state:635): Returning value '['add']'
2022-11-16,02:26:15 [DEBUG] (state.py:state:613): Loading option 'add' from section [Query Objects Service Versions]...
2022-11-16,02:26:15 [DEBUG] (state.py:state:635): Returning value '{"description": "Adds two numbers together.", "type": "model", "version": 5, "dependencies": [], "target": null, "creation_time": 1668581957, "last_modified_time": 1668585029, "schema": null}'
2022-11-16,02:26:15 [DEBUG] (state.py:state:613): Loading option 'add' from section [Query Objects Docstrings]...
2022-11-16,02:26:15 [DEBUG] (state.py:state:635): Returning value '-- no docstring found in query function --'
2022-11-16,02:26:15 [DEBUG] (state.py:state:148): Collected endpoints: {'add': {'description': 'Adds two numbers together.', 'type': 'model', 'version': 5, 'dependencies': [], 'target': None, 'creation_time': 1668581957, 'last_modified_time': 1668585029, 'schema': None, 'docstring': '-- no docstring found in query function --'}}
2022-11-16,02:26:15 [INFO] (app.py:app:129): Done initializing TabPy.
2022-11-16,02:26:15 [DEBUG] (selector_events.py:selector_events:59): Using selector: SelectSelector
2022-11-16,02:26:15 [INFO] (app.py:app:83): Setting max request size to 104857600 bytes
2022-11-16,02:26:15 [INFO] (callbacks.py:callbacks:64): Initializing models...
2022-11-16,02:26:15 [DEBUG] (state.py:state:613): Loading option 'None' from section [Query Objects Service Versions]...
2022-11-16,02:26:15 [DEBUG] (state.py:state:635): Returning value '['add']'
2022-11-16,02:26:15 [DEBUG] (state.py:state:613): Loading option 'add' from section [Query Objects Service Versions]...
2022-11-16,02:26:15 [DEBUG] (state.py:state:635): Returning value '{"description": "Adds two numbers together.", "type": "model", "version": 5, "dependencies": [], "target": null, "creation_time": 1668581957, "last_modified_time": 1668585029, "schema": null}'
2022-11-16,02:26:15 [DEBUG] (state.py:state:613): Loading option 'add' from section [Query Objects Docstrings]...
2022-11-16,02:26:15 [DEBUG] (state.py:state:635): Returning value '-- no docstring found in query function --'
2022-11-16,02:26:15 [DEBUG] (state.py:state:148): Collected endpoints: {'add': {'description': 'Adds two numbers together.', 'type': 'model', 'version': 5, 'dependencies': [], 'target': None, 'creation_time': 1668581957, 'last_modified_time': 1668585029, 'schema': None, 'docstring': '-- no docstring found in query function --'}}
2022-11-16,02:26:15 [INFO] (callbacks.py:callbacks:75): Load endpoint: add, version: 5, type: model
2022-11-16,02:26:15 [DEBUG] (python_service.py:python_service:39): Received request LoadObject
2022-11-16,02:26:15 [DEBUG] (python_service.py:python_service:53): Returning response LoadInProgress(uri='add', path='C:\\Users\\matth\\AppData\\Local\\Programs\\Python\\Python39\\Lib\\site-packages\\tabpy\\tabpy_server/query_objects/add/5', version=5, is_update=False, endpoint_type='model')
2022-11-16,02:26:15 [INFO] (python_service.py:python_service:89): Loading object:, URI=add, URL=C:\Users\matth\AppData\Local\Programs\Python\Python39\Lib\site-packages\tabpy\tabpy_server/query_objects/add/5, version=5, is_updated=False
2022-11-16,02:26:15 [INFO] (query_object.py:query_object:80): Loaded query object "CustomQueryObject" successfully
2022-11-16,02:26:32 [INFO] (app.py:app:244): Parsing config file C:\Users\matth\AppData\Local\Programs\Python\Python39\lib\site-packages\tabpy\tabpy_server\app\..\common\default.conf
2022-11-16,02:26:32 [DEBUG] (app.py:app:205): Parameter port set to "9004" from default value
2022-11-16,02:26:32 [DEBUG] (app.py:app:205): Parameter server_version set to "2.5.0" from default value
2022-11-16,02:26:32 [DEBUG] (app.py:app:205): Parameter evaluate_enabled set to "True" from default value
2022-11-16,02:26:32 [DEBUG] (app.py:app:205): Parameter evaluate_timeout set to "30" from default value
2022-11-16,02:26:32 [DEBUG] (app.py:app:205): Parameter upload_dir set to "C:\Users\matth\AppData\Local\Programs\Python\Python39\lib\site-packages\tabpy\tmp\query_objects" from default value
2022-11-16,02:26:32 [DEBUG] (app.py:app:205): Parameter transfer_protocol set to "http" from default value
2022-11-16,02:26:32 [DEBUG] (app.py:app:212): Parameter certificate_file is not set
2022-11-16,02:26:32 [DEBUG] (app.py:app:212): Parameter key_file is not set
2022-11-16,02:26:32 [DEBUG] (app.py:app:205): Parameter state_file_path set to "C:\Users\matth\AppData\Local\Programs\Python\Python39\lib\site-packages\tabpy\tabpy_server" from default value
2022-11-16,02:26:32 [DEBUG] (app.py:app:205): Parameter static_path set to "C:\Users\matth\AppData\Local\Programs\Python\Python39\lib\site-packages\tabpy\tabpy_server\static" from default value
2022-11-16,02:26:32 [DEBUG] (app.py:app:212): Parameter TABPY_PWD_FILE is not set
2022-11-16,02:26:32 [DEBUG] (app.py:app:205): Parameter log_request_context set to "false" from default value
2022-11-16,02:26:32 [DEBUG] (app.py:app:205): Parameter max_request_size_in_mb set to "100" from default value
2022-11-16,02:26:32 [INFO] (app.py:app:436): Loading state from state file C:\Users\matth\AppData\Local\Programs\Python\Python39\Lib\site-packages\tabpy\tabpy_server\state.ini
2022-11-16,02:26:32 [DEBUG] (app.py:app:313): Static pages folder set to "C:\Users\matth\AppData\Local\Programs\Python\Python39\lib\site-packages\tabpy\tabpy_server\static"
2022-11-16,02:26:32 [INFO] (app.py:app:332): Password file is not specified: Authentication is not enabled
2022-11-16,02:26:32 [INFO] (app.py:app:347): Call context logging is disabled
2022-11-16,02:26:32 [INFO] (app.py:app:125): Initializing TabPy...
2022-11-16,02:26:32 [DEBUG] (proactor_events.py:proactor_events:623): Using proactor: IocpProactor
2022-11-16,02:26:32 [INFO] (callbacks.py:callbacks:43): Initializing TabPy Server...
2022-11-16,02:26:32 [DEBUG] (state.py:state:613): Loading option 'None' from section [Query Objects Service Versions]...
2022-11-16,02:26:32 [DEBUG] (state.py:state:635): Returning value '['add']'
2022-11-16,02:26:32 [DEBUG] (state.py:state:613): Loading option 'add' from section [Query Objects Service Versions]...
2022-11-16,02:26:32 [DEBUG] (state.py:state:635): Returning value '{"description": "Adds two numbers together.", "type": "model", "version": 5, "dependencies": [], "target": null, "creation_time": 1668581957, "last_modified_time": 1668585029, "schema": null}'
2022-11-16,02:26:32 [DEBUG] (state.py:state:613): Loading option 'add' from section [Query Objects Docstrings]...
2022-11-16,02:26:32 [DEBUG] (state.py:state:635): Returning value '-- no docstring found in query function --'
2022-11-16,02:26:32 [DEBUG] (state.py:state:148): Collected endpoints: {'add': {'description': 'Adds two numbers together.', 'type': 'model', 'version': 5, 'dependencies': [], 'target': None, 'creation_time': 1668581957, 'last_modified_time': 1668585029, 'schema': None, 'docstring': '-- no docstring found in query function --'}}
2022-11-16,02:26:32 [INFO] (app.py:app:129): Done initializing TabPy.
2022-11-16,02:26:32 [DEBUG] (selector_events.py:selector_events:59): Using selector: SelectSelector
2022-11-16,02:26:32 [INFO] (app.py:app:83): Setting max request size to 104857600 bytes
2022-11-16,02:26:32 [INFO] (callbacks.py:callbacks:64): Initializing models...
2022-11-16,02:26:32 [DEBUG] (state.py:state:613): Loading option 'None' from section [Query Objects Service Versions]...
2022-11-16,02:26:32 [DEBUG] (state.py:state:635): Returning value '['add']'
2022-11-16,02:26:32 [DEBUG] (state.py:state:613): Loading option 'add' from section [Query Objects Service Versions]...
2022-11-16,02:26:32 [DEBUG] (state.py:state:635): Returning value '{"description": "Adds two numbers together.", "type": "model", "version": 5, "dependencies": [], "target": null, "creation_time": 1668581957, "last_modified_time": 1668585029, "schema": null}'
2022-11-16,02:26:32 [DEBUG] (state.py:state:613): Loading option 'add' from section [Query Objects Docstrings]...
2022-11-16,02:26:32 [DEBUG] (state.py:state:635): Returning value '-- no docstring found in query function --'
2022-11-16,02:26:32 [DEBUG] (state.py:state:148): Collected endpoints: {'add': {'description': 'Adds two numbers together.', 'type': 'model', 'version': 5, 'dependencies': [], 'target': None, 'creation_time': 1668581957, 'last_modified_time': 1668585029, 'schema': None, 'docstring': '-- no docstring found in query function --'}}
2022-11-16,02:26:32 [INFO] (callbacks.py:callbacks:75): Load endpoint: add, version: 5, type: model
2022-11-16,02:26:32 [DEBUG] (python_service.py:python_service:39): Received request LoadObject
2022-11-16,02:26:32 [DEBUG] (python_service.py:python_service:53): Returning response LoadInProgress(uri='add', path='C:\\Users\\matth\\AppData\\Local\\Programs\\Python\\Python39\\Lib\\site-packages\\tabpy\\tabpy_server/query_objects/add/5', version=5, is_update=False, endpoint_type='model')
2022-11-16,02:26:32 [INFO] (python_service.py:python_service:89): Loading object:, URI=add, URL=C:\Users\matth\AppData\Local\Programs\Python\Python39\Lib\site-packages\tabpy\tabpy_server/query_objects/add/5, version=5, is_updated=False
2022-11-16,02:26:32 [INFO] (app.py:app:106): Web service listening on port 9004
2022-11-16,02:26:32 [INFO] (query_object.py:query_object:80): Loaded query object "CustomQueryObject" successfully
2022-11-16,02:26:38 [DEBUG] (base_handler.py:base_handler:115): Checking if need to handle authentication
2022-11-16,02:26:38 [DEBUG] (base_handler.py:base_handler:115): Handling authentication
2022-11-16,02:26:38 [INFO] (base_handler.py:base_handler:115): Authentication is not a required feature for API "v1"
2022-11-16,02:26:38 [DEBUG] (base_handler.py:base_handler:115): Checking request headers for authentication data
2022-11-16,02:26:38 [INFO] (base_handler.py:base_handler:115): Authorization header not found
2022-11-16,02:26:38 [DEBUG] (base_handler.py:base_handler:115): authentication not required, username and password are none
2022-11-16,02:26:38 [DEBUG] (state.py:state:511): Collecting Access-Control-Allow-Origin from state file ...
2022-11-16,02:26:38 [DEBUG] (state.py:state:613): Loading option 'Access-Control-Allow-Origin' from section [Service Info]...
2022-11-16,02:26:38 [DEBUG] (state.py:state:635): Returning value ''
2022-11-16,02:26:38 [DEBUG] (state.py:state:613): Loading option 'Access-Control-Allow-Headers' from section [Service Info]...
2022-11-16,02:26:38 [DEBUG] (state.py:state:635): Returning value ''
2022-11-16,02:26:38 [DEBUG] (state.py:state:613): Loading option 'Access-Control-Allow-Methods' from section [Service Info]...
2022-11-16,02:26:38 [DEBUG] (state.py:state:635): Returning value ''
2022-11-16,02:26:38 [DEBUG] (state.py:state:613): Loading option 'Description' from section [Service Info]...
2022-11-16,02:26:38 [DEBUG] (state.py:state:635): Returning value ''
2022-11-16,02:26:38 [DEBUG] (state.py:state:613): Loading option 'Creation Time' from section [Service Info]...
2022-11-16,02:26:38 [DEBUG] (state.py:state:635): Returning value '0'
2022-11-16,02:26:38 [DEBUG] (state.py:state:613): Loading option 'Name' from section [Service Info]...
2022-11-16,02:26:38 [DEBUG] (state.py:state:635): Returning value 'TabPy Server'
2022-11-16,02:26:38 [INFO] (web.py:web:2239): 304 GET /info (::1) 5.00ms
2022-11-16,02:26:38 [DEBUG] (base_handler.py:base_handler:115): Checking if need to handle authentication
2022-11-16,02:26:38 [DEBUG] (base_handler.py:base_handler:115): Handling authentication
2022-11-16,02:26:38 [INFO] (base_handler.py:base_handler:115): Authentication is not a required feature for API "v1"
2022-11-16,02:26:38 [DEBUG] (base_handler.py:base_handler:115): Checking request headers for authentication data
2022-11-16,02:26:38 [INFO] (base_handler.py:base_handler:115): Authorization header not found
2022-11-16,02:26:38 [DEBUG] (base_handler.py:base_handler:115): authentication not required, username and password are none
2022-11-16,02:26:38 [DEBUG] (state.py:state:511): Collecting Access-Control-Allow-Origin from state file ...
2022-11-16,02:26:38 [DEBUG] (state.py:state:613): Loading option 'Access-Control-Allow-Origin' from section [Service Info]...
2022-11-16,02:26:38 [DEBUG] (state.py:state:635): Returning value ''
2022-11-16,02:26:38 [DEBUG] (state.py:state:613): Loading option 'Access-Control-Allow-Headers' from section [Service Info]...
2022-11-16,02:26:38 [DEBUG] (state.py:state:635): Returning value ''
2022-11-16,02:26:38 [DEBUG] (state.py:state:613): Loading option 'Access-Control-Allow-Methods' from section [Service Info]...
2022-11-16,02:26:38 [DEBUG] (state.py:state:635): Returning value ''
2022-11-16,02:26:38 [DEBUG] (state.py:state:613): Loading option 'None' from section [Query Objects Service Versions]...
2022-11-16,02:26:38 [DEBUG] (state.py:state:635): Returning value '['add']'
2022-11-16,02:26:38 [DEBUG] (state.py:state:613): Loading option 'add' from section [Query Objects Service Versions]...
2022-11-16,02:26:38 [DEBUG] (state.py:state:635): Returning value '{"description": "Adds two numbers together.", "type": "model", "version": 5, "dependencies": [], "target": null, "creation_time": 1668581957, "last_modified_time": 1668585029, "schema": null}'
2022-11-16,02:26:38 [DEBUG] (state.py:state:613): Loading option 'add' from section [Query Objects Docstrings]...
2022-11-16,02:26:38 [DEBUG] (state.py:state:635): Returning value '-- no docstring found in query function --'
2022-11-16,02:26:38 [DEBUG] (state.py:state:148): Collected endpoints: {'add': {'description': 'Adds two numbers together.', 'type': 'model', 'version': 5, 'dependencies': [], 'target': None, 'creation_time': 1668581957, 'last_modified_time': 1668585029, 'schema': None, 'docstring': '-- no docstring found in query function --'}}
2022-11-16,02:26:38 [INFO] (web.py:web:2239): 304 GET /endpoints (::1) 4.00ms
2022-11-16,02:28:39 [DEBUG] (base_handler.py:base_handler:115): Checking if need to handle authentication
2022-11-16,02:28:39 [DEBUG] (base_handler.py:base_handler:115): Handling authentication
2022-11-16,02:28:39 [INFO] (base_handler.py:base_handler:115): Authentication is not a required feature for API "v1"
2022-11-16,02:28:39 [DEBUG] (base_handler.py:base_handler:115): Checking request headers for authentication data
2022-11-16,02:28:39 [INFO] (base_handler.py:base_handler:115): Authorization header not found
2022-11-16,02:28:39 [DEBUG] (base_handler.py:base_handler:115): authentication not required, username and password are none
2022-11-16,02:28:39 [DEBUG] (state.py:state:511): Collecting Access-Control-Allow-Origin from state file ...
2022-11-16,02:28:39 [DEBUG] (state.py:state:613): Loading option 'Access-Control-Allow-Origin' from section [Service Info]...
2022-11-16,02:28:39 [DEBUG] (state.py:state:635): Returning value ''
2022-11-16,02:28:39 [DEBUG] (state.py:state:613): Loading option 'Access-Control-Allow-Headers' from section [Service Info]...
2022-11-16,02:28:39 [DEBUG] (state.py:state:635): Returning value ''
2022-11-16,02:28:39 [DEBUG] (state.py:state:613): Loading option 'Access-Control-Allow-Methods' from section [Service Info]...
2022-11-16,02:28:39 [DEBUG] (state.py:state:635): Returning value ''
2022-11-16,02:28:39 [DEBUG] (state.py:state:613): Loading option 'None' from section [Query Objects Service Versions]...
2022-11-16,02:28:39 [DEBUG] (state.py:state:635): Returning value '['add']'
2022-11-16,02:28:39 [DEBUG] (state.py:state:613): Loading option 'add' from section [Query Objects Service Versions]...
2022-11-16,02:28:39 [DEBUG] (state.py:state:635): Returning value '{"description": "Adds two numbers together.", "type": "model", "version": 5, "dependencies": [], "target": null, "creation_time": 1668581957, "last_modified_time": 1668585029, "schema": null}'
2022-11-16,02:28:39 [DEBUG] (state.py:state:613): Loading option 'add' from section [Query Objects Docstrings]...
2022-11-16,02:28:39 [DEBUG] (state.py:state:635): Returning value '-- no docstring found in query function --'
2022-11-16,02:28:39 [DEBUG] (state.py:state:148): Collected endpoints: {'add': {'description': 'Adds two numbers together.', 'type': 'model', 'version': 5, 'dependencies': [], 'target': None, 'creation_time': 1668581957, 'last_modified_time': 1668585029, 'schema': None, 'docstring': '-- no docstring found in query function --'}}
2022-11-16,02:28:39 [INFO] (web.py:web:2239): 200 GET /endpoints (::1) 6.90ms
2022-11-16,02:28:39 [DEBUG] (base_handler.py:base_handler:115): Checking if need to handle authentication
2022-11-16,02:28:39 [DEBUG] (base_handler.py:base_handler:115): Handling authentication
2022-11-16,02:28:39 [INFO] (base_handler.py:base_handler:115): Authentication is not a required feature for API "v1"
2022-11-16,02:28:39 [DEBUG] (base_handler.py:base_handler:115): Checking request headers for authentication data
2022-11-16,02:28:39 [INFO] (base_handler.py:base_handler:115): Authorization header not found
2022-11-16,02:28:39 [DEBUG] (base_handler.py:base_handler:115): authentication not required, username and password are none
2022-11-16,02:28:39 [INFO] (web.py:web:2239): 200 GET /configurations/endpoint_upload_destination (::1) 2.00ms
2022-11-16,02:28:39 [DEBUG] (base_handler.py:base_handler:115): Checking if need to handle authentication
2022-11-16,02:28:39 [DEBUG] (base_handler.py:base_handler:115): Handling authentication
2022-11-16,02:28:39 [INFO] (base_handler.py:base_handler:115): Authentication is not a required feature for API "v1"
2022-11-16,02:28:39 [DEBUG] (base_handler.py:base_handler:115): Checking request headers for authentication data
2022-11-16,02:28:39 [INFO] (base_handler.py:base_handler:115): Authorization header not found
2022-11-16,02:28:39 [DEBUG] (base_handler.py:base_handler:115): authentication not required, username and password are none
2022-11-16,02:28:39 [DEBUG] (base_handler.py:base_handler:115): Processing PUT for /endpoints/add
2022-11-16,02:28:39 [DEBUG] (state.py:state:613): Loading option 'add' from section [Query Objects Service Versions]...
2022-11-16,02:28:39 [DEBUG] (state.py:state:635): Returning value '{"description": "Adds two numbers together.", "type": "model", "version": 5, "dependencies": [], "target": null, "creation_time": 1668581957, "last_modified_time": 1668585029, "schema": null}'
2022-11-16,02:28:39 [DEBUG] (state.py:state:613): Loading option 'add' from section [Query Objects Docstrings]...
2022-11-16,02:28:39 [DEBUG] (state.py:state:635): Returning value '-- no docstring found in query function --'
2022-11-16,02:28:39 [DEBUG] (state.py:state:148): Collected endpoints: {'add': {'description': 'Adds two numbers together.', 'type': 'model', 'version': 5, 'dependencies': [], 'target': None, 'creation_time': 1668581957, 'last_modified_time': 1668585029, 'schema': None, 'docstring': '-- no docstring found in query function --'}}
2022-11-16,02:28:39 [INFO] (base_handler.py:base_handler:115): Endpoint info: {'dependencies': [], 'required_packages': [], 'methods': [{'method': 'query'}], 'type': 'model', 'description': 'Adds two numbers together.', 'version': 6, 'required_files': [], 'src_path': 'C:\\Users\\matth\\AppData\\Local\\Programs\\Python\\Python39\\Lib\\site-packages\\tabpy\\tabpy_server\\staging\\endpoints\\add\\6', 'name': 'add'}
2022-11-16,02:28:39 [DEBUG] (base_handler.py:base_handler:115): Adding/updating model add...
2022-11-16,02:28:39 [DEBUG] (state.py:state:613): Loading option 'None' from section [Query Objects Service Versions]...
2022-11-16,02:28:39 [DEBUG] (state.py:state:635): Returning value '['add']'
2022-11-16,02:28:39 [DEBUG] (state.py:state:613): Loading option 'add' from section [Query Objects Service Versions]...
2022-11-16,02:28:39 [DEBUG] (state.py:state:635): Returning value '{"description": "Adds two numbers together.", "type": "model", "version": 5, "dependencies": [], "target": null, "creation_time": 1668581957, "last_modified_time": 1668585029, "schema": null}'
2022-11-16,02:28:39 [DEBUG] (state.py:state:613): Loading option 'add' from section [Query Objects Docstrings]...
2022-11-16,02:28:39 [DEBUG] (state.py:state:635): Returning value '-- no docstring found in query function --'
2022-11-16,02:28:39 [DEBUG] (state.py:state:148): Collected endpoints: {'add': {'description': 'Adds two numbers together.', 'type': 'model', 'version': 5, 'dependencies': [], 'target': None, 'creation_time': 1668581957, 'last_modified_time': 1668585029, 'schema': None, 'docstring': '-- no docstring found in query function --'}}
2022-11-16,02:28:39 [DEBUG] (state.py:state:613): Loading option 'None' from section [Query Objects Service Versions]...
2022-11-16,02:28:39 [DEBUG] (state.py:state:635): Returning value '['add']'
2022-11-16,02:28:39 [DEBUG] (state.py:state:613): Loading option 'add' from section [Query Objects Service Versions]...
2022-11-16,02:28:39 [DEBUG] (state.py:state:635): Returning value '{"description": "Adds two numbers together.", "type": "model", "version": 5, "dependencies": [], "target": null, "creation_time": 1668581957, "last_modified_time": 1668585029, "schema": null}'
2022-11-16,02:28:39 [DEBUG] (state.py:state:613): Loading option 'add' from section [Query Objects Docstrings]...
2022-11-16,02:28:39 [DEBUG] (state.py:state:635): Returning value '-- no docstring found in query function --'
2022-11-16,02:28:39 [DEBUG] (state.py:state:148): Collected endpoints: {'add': {'description': 'Adds two numbers together.', 'type': 'model', 'version': 5, 'dependencies': [], 'target': None, 'creation_time': 1668581957, 'last_modified_time': 1668585029, 'schema': None, 'docstring': '-- no docstring found in query function --'}}
2022-11-16,02:28:39 [INFO] (state.py:state:642): Writing state to config
2022-11-16,02:28:39 [DEBUG] (util.py:util:19): State path is C:\Users\matth\AppData\Local\Programs\Python\Python39\Lib\site-packages\tabpy\tabpy_server
2022-11-16,02:28:39 [INFO] (state.py:state:642): Writing state to config
2022-11-16,02:28:39 [DEBUG] (util.py:util:19): State path is C:\Users\matth\AppData\Local\Programs\Python\Python39\Lib\site-packages\tabpy\tabpy_server
2022-11-16,02:28:39 [INFO] (base_handler.py:base_handler:115): Loading state from state file
2022-11-16,02:28:39 [DEBUG] (state.py:state:613): Loading option 'None' from section [Query Objects Service Versions]...
2022-11-16,02:28:39 [DEBUG] (state.py:state:635): Returning value '['add']'
2022-11-16,02:28:39 [DEBUG] (state.py:state:613): Loading option 'add' from section [Query Objects Service Versions]...
2022-11-16,02:28:39 [DEBUG] (state.py:state:635): Returning value '{"description": "Adds two numbers together.", "type": "model", "version": 6, "dependencies": [], "target": null, "creation_time": 1668581957, "last_modified_time": 1668587319, "schema": null}'
2022-11-16,02:28:39 [DEBUG] (state.py:state:613): Loading option 'add' from section [Query Objects Docstrings]...
2022-11-16,02:28:39 [DEBUG] (state.py:state:635): Returning value '-- no docstring found in query function --'
2022-11-16,02:28:39 [DEBUG] (state.py:state:148): Collected endpoints: {'add': {'description': 'Adds two numbers together.', 'type': 'model', 'version': 6, 'dependencies': [], 'target': None, 'creation_time': 1668581957, 'last_modified_time': 1668587319, 'schema': None, 'docstring': '-- no docstring found in query function --'}}
2022-11-16,02:28:39 [DEBUG] (state.py:state:613): Loading option 'None' from section [Query Objects Service Versions]...
2022-11-16,02:28:39 [DEBUG] (state.py:state:635): Returning value '['add']'
2022-11-16,02:28:39 [DEBUG] (state.py:state:613): Loading option 'add' from section [Query Objects Service Versions]...
2022-11-16,02:28:39 [DEBUG] (state.py:state:635): Returning value '{"description": "Adds two numbers together.", "type": "model", "version": 6, "dependencies": [], "target": null, "creation_time": 1668581957, "last_modified_time": 1668587319, "schema": null}'
2022-11-16,02:28:39 [DEBUG] (state.py:state:613): Loading option 'add' from section [Query Objects Docstrings]...
2022-11-16,02:28:39 [DEBUG] (state.py:state:635): Returning value '-- no docstring found in query function --'
2022-11-16,02:28:39 [DEBUG] (state.py:state:148): Collected endpoints: {'add': {'description': 'Adds two numbers together.', 'type': 'model', 'version': 6, 'dependencies': [], 'target': None, 'creation_time': 1668581957, 'last_modified_time': 1668587319, 'schema': None, 'docstring': '-- no docstring found in query function --'}}
2022-11-16,02:28:39 [DEBUG] (python_service.py:python_service:39): Received request LoadObject
2022-11-16,02:28:39 [DEBUG] (python_service.py:python_service:53): Returning response LoadInProgress(uri='add', path='C:\\Users\\matth\\AppData\\Local\\Programs\\Python\\Python39\\Lib\\site-packages\\tabpy\\tabpy_server/query_objects/add/6', version=6, is_update=True, endpoint_type='model')
2022-11-16,02:28:39 [INFO] (python_service.py:python_service:89): Loading object:, URI=add, URL=C:\Users\matth\AppData\Local\Programs\Python\Python39\Lib\site-packages\tabpy\tabpy_server/query_objects/add/6, version=6, is_updated=True
2022-11-16,02:28:39 [INFO] (callbacks.py:callbacks:24): Waiting for object to be loaded...
2022-11-16,02:28:39 [DEBUG] (python_service.py:python_service:39): Received request ListObjects
2022-11-16,02:28:39 [DEBUG] (python_service.py:python_service:53): Returning response ObjectList(objects={'add': {'version': 5, 'type': 'model', 'status': 'LoadInProgress', 'reason': None}})
2022-11-16,02:28:39 [INFO] (query_object.py:query_object:80): Loaded query object "CustomQueryObject" successfully
2022-11-16,02:28:39 [DEBUG] (python_service.py:python_service:39): Received request ListObjects
2022-11-16,02:28:39 [DEBUG] (python_service.py:python_service:53): Returning response ObjectList(objects={'add': {'version': 6, 'type': 'model', 'status': 'LoadSuccessful', 'reason': None}})
2022-11-16,02:28:39 [INFO] (callbacks.py:callbacks:35): Object load status: LoadSuccessful
2022-11-16,02:28:39 [DEBUG] (state.py:state:613): Loading option 'add' from section [Query Objects Service Versions]...
2022-11-16,02:28:39 [DEBUG] (state.py:state:635): Returning value '{"description": "Adds two numbers together.", "type": "model", "version": 6, "dependencies": [], "target": null, "creation_time": 1668581957, "last_modified_time": 1668587319, "schema": null}'
2022-11-16,02:28:39 [DEBUG] (state.py:state:613): Loading option 'add' from section [Query Objects Docstrings]...
2022-11-16,02:28:39 [DEBUG] (state.py:state:635): Returning value '-- no docstring found in query function --'
2022-11-16,02:28:39 [DEBUG] (state.py:state:148): Collected endpoints: {'add': {'description': 'Adds two numbers together.', 'type': 'model', 'version': 6, 'dependencies': [], 'target': None, 'creation_time': 1668581957, 'last_modified_time': 1668587319, 'schema': None, 'docstring': '-- no docstring found in query function --'}}
2022-11-16,02:28:39 [INFO] (web.py:web:2239): 200 PUT /endpoints/add (::1) 130.05ms
2022-11-16,02:28:39 [DEBUG] (base_handler.py:base_handler:115): Checking if need to handle authentication
2022-11-16,02:28:39 [DEBUG] (base_handler.py:base_handler:115): Handling authentication
2022-11-16,02:28:39 [INFO] (base_handler.py:base_handler:115): Authentication is not a required feature for API "v1"
2022-11-16,02:28:39 [DEBUG] (base_handler.py:base_handler:115): Checking request headers for authentication data
2022-11-16,02:28:39 [INFO] (base_handler.py:base_handler:115): Authorization header not found
2022-11-16,02:28:39 [DEBUG] (base_handler.py:base_handler:115): authentication not required, username and password are none
2022-11-16,02:28:39 [DEBUG] (state.py:state:511): Collecting Access-Control-Allow-Origin from state file ...
2022-11-16,02:28:39 [DEBUG] (state.py:state:613): Loading option 'Access-Control-Allow-Origin' from section [Service Info]...
2022-11-16,02:28:39 [DEBUG] (state.py:state:635): Returning value ''
2022-11-16,02:28:39 [DEBUG] (state.py:state:613): Loading option 'Access-Control-Allow-Headers' from section [Service Info]...
2022-11-16,02:28:39 [DEBUG] (state.py:state:635): Returning value ''
2022-11-16,02:28:39 [DEBUG] (state.py:state:613): Loading option 'Access-Control-Allow-Methods' from section [Service Info]...
2022-11-16,02:28:39 [DEBUG] (state.py:state:635): Returning value ''
2022-11-16,02:28:39 [DEBUG] (base_handler.py:base_handler:115): Found models: {'add': {'version': 6, 'type': 'model', 'status': 'LoadSuccessful', 'last_error': None}}
2022-11-16,02:28:39 [INFO] (web.py:web:2239): 200 GET /status (::1) 4.00ms
2022-11-16,02:28:40 [DEBUG] (base_handler.py:base_handler:115): Checking if need to handle authentication
2022-11-16,02:28:40 [DEBUG] (base_handler.py:base_handler:115): Handling authentication
2022-11-16,02:28:40 [INFO] (base_handler.py:base_handler:115): Authentication is not a required feature for API "v1"
2022-11-16,02:28:40 [DEBUG] (base_handler.py:base_handler:115): Checking request headers for authentication data
2022-11-16,02:28:40 [INFO] (base_handler.py:base_handler:115): Authorization header not found
2022-11-16,02:28:40 [DEBUG] (base_handler.py:base_handler:115): authentication not required, username and password are none
2022-11-16,02:28:40 [DEBUG] (state.py:state:511): Collecting Access-Control-Allow-Origin from state file ...
2022-11-16,02:28:40 [DEBUG] (state.py:state:613): Loading option 'Access-Control-Allow-Origin' from section [Service Info]...
2022-11-16,02:28:40 [DEBUG] (state.py:state:635): Returning value ''
2022-11-16,02:28:40 [DEBUG] (state.py:state:613): Loading option 'Access-Control-Allow-Headers' from section [Service Info]...
2022-11-16,02:28:40 [DEBUG] (state.py:state:635): Returning value ''
2022-11-16,02:28:40 [DEBUG] (state.py:state:613): Loading option 'Access-Control-Allow-Methods' from section [Service Info]...
2022-11-16,02:28:40 [DEBUG] (state.py:state:635): Returning value ''
2022-11-16,02:28:40 [DEBUG] (state.py:state:613): Loading option 'None' from section [Query Objects Service Versions]...
2022-11-16,02:28:40 [DEBUG] (state.py:state:635): Returning value '['add']'
2022-11-16,02:28:40 [DEBUG] (state.py:state:613): Loading option 'add' from section [Query Objects Service Versions]...
2022-11-16,02:28:40 [DEBUG] (state.py:state:635): Returning value '{"description": "Adds two numbers together.", "type": "model", "version": 6, "dependencies": [], "target": null, "creation_time": 1668581957, "last_modified_time": 1668587319, "schema": null}'
2022-11-16,02:28:40 [DEBUG] (state.py:state:613): Loading option 'add' from section [Query Objects Docstrings]...
2022-11-16,02:28:40 [DEBUG] (state.py:state:635): Returning value '-- no docstring found in query function --'
2022-11-16,02:28:40 [DEBUG] (state.py:state:148): Collected endpoints: {'add': {'description': 'Adds two numbers together.', 'type': 'model', 'version': 6, 'dependencies': [], 'target': None, 'creation_time': 1668581957, 'last_modified_time': 1668587319, 'schema': None, 'docstring': '-- no docstring found in query function --'}}
2022-11-16,02:28:40 [INFO] (web.py:web:2239): 200 GET /endpoints (::1) 3.90ms
2022-11-16,02:28:40 [DEBUG] (base_handler.py:base_handler:115): Checking if need to handle authentication
2022-11-16,02:28:40 [DEBUG] (base_handler.py:base_handler:115): Handling authentication
2022-11-16,02:28:40 [INFO] (base_handler.py:base_handler:115): Authentication is not a required feature for API "v1"
2022-11-16,02:28:40 [DEBUG] (base_handler.py:base_handler:115): Checking request headers for authentication data
2022-11-16,02:28:40 [INFO] (base_handler.py:base_handler:115): Authorization header not found
2022-11-16,02:28:40 [DEBUG] (base_handler.py:base_handler:115): authentication not required, username and password are none
2022-11-16,02:28:40 [DEBUG] (base_handler.py:base_handler:115): Processing POST for /query/add...
2022-11-16,02:28:40 [DEBUG] (base_handler.py:base_handler:115): Processing query add...
2022-11-16,02:28:40 [DEBUG] (state.py:state:511): Collecting Access-Control-Allow-Origin from state file ...
2022-11-16,02:28:40 [DEBUG] (state.py:state:613): Loading option 'Access-Control-Allow-Origin' from section [Service Info]...
2022-11-16,02:28:40 [DEBUG] (state.py:state:635): Returning value ''
2022-11-16,02:28:40 [DEBUG] (state.py:state:613): Loading option 'Access-Control-Allow-Headers' from section [Service Info]...
2022-11-16,02:28:40 [DEBUG] (state.py:state:635): Returning value ''
2022-11-16,02:28:40 [DEBUG] (state.py:state:613): Loading option 'Access-Control-Allow-Methods' from section [Service Info]...
2022-11-16,02:28:40 [DEBUG] (state.py:state:635): Returning value ''
2022-11-16,02:28:40 [DEBUG] (base_handler.py:base_handler:115): Collecting query info for add...
2022-11-16,02:28:40 [DEBUG] (python_service.py:python_service:236): Querying Python service add...
2022-11-16,02:28:40 [DEBUG] (python_service.py:python_service:248): Found object {'version': 6, 'type': 'model', 'endpoint_obj': <tabpy.tabpy_tools.custom_query_object.CustomQueryObject object at 0x000002BFBEF7FD00>, 'status': 'LoadSuccessful', 'last_error': None}
2022-11-16,02:28:40 [DEBUG] (python_service.py:python_service:262): Querying endpoint with params ([1, 2])...
2022-11-16,02:28:40 [DEBUG] (custom_query_object.py:custom_query_object:53): Running custom query with arguments ((1, 2), {})...
2022-11-16,02:28:40 [DEBUG] (custom_query_object.py:custom_query_object:63): Received response 3
2022-11-16,02:28:40 [DEBUG] (base_handler.py:base_handler:115): Query info: QuerySuccessful(uri='add', version=6, response=3)
2022-11-16,02:28:40 [INFO] (web.py:web:2239): 200 POST /query/add (::1) 90.05ms
2022-11-16,02:33:21 [DEBUG] (base_handler.py:base_handler:115): Checking if need to handle authentication
2022-11-16,02:33:21 [DEBUG] (base_handler.py:base_handler:115): Handling authentication
2022-11-16,02:33:21 [INFO] (base_handler.py:base_handler:115): Authentication is not a required feature for API "v1"
2022-11-16,02:33:21 [DEBUG] (base_handler.py:base_handler:115): Checking request headers for authentication data
2022-11-16,02:33:21 [INFO] (base_handler.py:base_handler:115): Authorization header not found
2022-11-16,02:33:21 [DEBUG] (base_handler.py:base_handler:115): authentication not required, username and password are none
2022-11-16,02:33:21 [DEBUG] (base_handler.py:base_handler:115): Processing DELETE for /endpoints/add
2022-11-16,02:33:21 [DEBUG] (state.py:state:613): Loading option 'add' from section [Query Objects Service Versions]...
2022-11-16,02:33:21 [DEBUG] (state.py:state:635): Returning value '{"description": "Adds two numbers together.", "type": "model", "version": 6, "dependencies": [], "target": null, "creation_time": 1668581957, "last_modified_time": 1668587319, "schema": null}'
2022-11-16,02:33:21 [DEBUG] (state.py:state:613): Loading option 'add' from section [Query Objects Docstrings]...
2022-11-16,02:33:21 [DEBUG] (state.py:state:635): Returning value '-- no docstring found in query function --'
2022-11-16,02:33:21 [DEBUG] (state.py:state:148): Collected endpoints: {'add': {'description': 'Adds two numbers together.', 'type': 'model', 'version': 6, 'dependencies': [], 'target': None, 'creation_time': 1668581957, 'last_modified_time': 1668587319, 'schema': None, 'docstring': '-- no docstring found in query function --'}}
2022-11-16,02:33:21 [DEBUG] (state.py:state:613): Loading option 'None' from section [Query Objects Service Versions]...
2022-11-16,02:33:21 [DEBUG] (state.py:state:635): Returning value '['add']'
2022-11-16,02:33:21 [DEBUG] (state.py:state:613): Loading option 'add' from section [Query Objects Service Versions]...
2022-11-16,02:33:21 [DEBUG] (state.py:state:635): Returning value '{"description": "Adds two numbers together.", "type": "model", "version": 6, "dependencies": [], "target": null, "creation_time": 1668581957, "last_modified_time": 1668587319, "schema": null}'
2022-11-16,02:33:21 [DEBUG] (state.py:state:613): Loading option 'add' from section [Query Objects Docstrings]...
2022-11-16,02:33:21 [DEBUG] (state.py:state:635): Returning value '-- no docstring found in query function --'
2022-11-16,02:33:21 [DEBUG] (state.py:state:148): Collected endpoints: {'add': {'description': 'Adds two numbers together.', 'type': 'model', 'version': 6, 'dependencies': [], 'target': None, 'creation_time': 1668581957, 'last_modified_time': 1668587319, 'schema': None, 'docstring': '-- no docstring found in query function --'}}
2022-11-16,02:33:21 [INFO] (state.py:state:642): Writing state to config
2022-11-16,02:33:21 [DEBUG] (util.py:util:19): State path is C:\Users\matth\AppData\Local\Programs\Python\Python39\Lib\site-packages\tabpy\tabpy_server
2022-11-16,02:33:21 [INFO] (state.py:state:642): Writing state to config
2022-11-16,02:33:21 [DEBUG] (util.py:util:19): State path is C:\Users\matth\AppData\Local\Programs\Python\Python39\Lib\site-packages\tabpy\tabpy_server
2022-11-16,02:33:21 [INFO] (web.py:web:2239): 204 DELETE /endpoints/add (::1) 9.57ms
2022-11-16,02:33:21 [INFO] (base_handler.py:base_handler:115): Loading state from state file
2022-11-16,02:33:21 [DEBUG] (state.py:state:613): Loading option 'None' from section [Query Objects Service Versions]...
2022-11-16,02:33:21 [DEBUG] (state.py:state:635): Returning value '[]'
2022-11-16,02:33:21 [DEBUG] (state.py:state:148): Collected endpoints: {}
2022-11-16,02:33:21 [DEBUG] (state.py:state:613): Loading option 'None' from section [Query Objects Service Versions]...
2022-11-16,02:33:21 [DEBUG] (state.py:state:635): Returning value '[]'
2022-11-16,02:33:21 [DEBUG] (state.py:state:148): Collected endpoints: {}
2022-11-16,02:33:21 [ERROR] (base_handler.py:base_handler:115): Error submitting update model request: error=AttributeError : 'ContextLoggerWrapper' object has no attribute 'info'
2022-11-16,02:33:25 [INFO] (web.py:web:2239): 304 GET / (::1) 96.00ms
2022-11-16,02:33:25 [DEBUG] (base_handler.py:base_handler:115): Checking if need to handle authentication
2022-11-16,02:33:25 [DEBUG] (base_handler.py:base_handler:115): Handling authentication
2022-11-16,02:33:25 [INFO] (base_handler.py:base_handler:115): Authentication is not a required feature for API "v1"
2022-11-16,02:33:25 [DEBUG] (base_handler.py:base_handler:115): Checking request headers for authentication data
2022-11-16,02:33:25 [INFO] (base_handler.py:base_handler:115): Authorization header not found
2022-11-16,02:33:25 [DEBUG] (base_handler.py:base_handler:115): authentication not required, username and password are none
2022-11-16,02:33:25 [DEBUG] (state.py:state:511): Collecting Access-Control-Allow-Origin from state file ...
2022-11-16,02:33:25 [DEBUG] (state.py:state:613): Loading option 'Access-Control-Allow-Origin' from section [Service Info]...
2022-11-16,02:33:25 [DEBUG] (state.py:state:635): Returning value ''
2022-11-16,02:33:25 [DEBUG] (state.py:state:613): Loading option 'Access-Control-Allow-Headers' from section [Service Info]...
2022-11-16,02:33:25 [DEBUG] (state.py:state:635): Returning value ''
2022-11-16,02:33:25 [DEBUG] (state.py:state:613): Loading option 'Access-Control-Allow-Methods' from section [Service Info]...
2022-11-16,02:33:25 [DEBUG] (state.py:state:635): Returning value ''
2022-11-16,02:33:25 [DEBUG] (state.py:state:613): Loading option 'Description' from section [Service Info]...
2022-11-16,02:33:25 [DEBUG] (state.py:state:635): Returning value ''
2022-11-16,02:33:25 [DEBUG] (state.py:state:613): Loading option 'Creation Time' from section [Service Info]...
2022-11-16,02:33:25 [DEBUG] (state.py:state:635): Returning value '0'
2022-11-16,02:33:25 [DEBUG] (state.py:state:613): Loading option 'Name' from section [Service Info]...
2022-11-16,02:33:25 [DEBUG] (state.py:state:635): Returning value 'TabPy Server'
2022-11-16,02:33:25 [INFO] (web.py:web:2239): 304 GET /info (::1) 5.00ms
2022-11-16,02:33:25 [DEBUG] (base_handler.py:base_handler:115): Checking if need to handle authentication
2022-11-16,02:33:25 [DEBUG] (base_handler.py:base_handler:115): Handling authentication
2022-11-16,02:33:25 [INFO] (base_handler.py:base_handler:115): Authentication is not a required feature for API "v1"
2022-11-16,02:33:25 [DEBUG] (base_handler.py:base_handler:115): Checking request headers for authentication data
2022-11-16,02:33:25 [INFO] (base_handler.py:base_handler:115): Authorization header not found
2022-11-16,02:33:25 [DEBUG] (base_handler.py:base_handler:115): authentication not required, username and password are none
2022-11-16,02:33:25 [DEBUG] (state.py:state:511): Collecting Access-Control-Allow-Origin from state file ...
2022-11-16,02:33:25 [DEBUG] (state.py:state:613): Loading option 'Access-Control-Allow-Origin' from section [Service Info]...
2022-11-16,02:33:25 [DEBUG] (state.py:state:635): Returning value ''
2022-11-16,02:33:25 [DEBUG] (state.py:state:613): Loading option 'Access-Control-Allow-Headers' from section [Service Info]...
2022-11-16,02:33:25 [DEBUG] (state.py:state:635): Returning value ''
2022-11-16,02:33:25 [DEBUG] (state.py:state:613): Loading option 'Access-Control-Allow-Methods' from section [Service Info]...
2022-11-16,02:33:25 [DEBUG] (state.py:state:635): Returning value ''
2022-11-16,02:33:25 [DEBUG] (state.py:state:613): Loading option 'None' from section [Query Objects Service Versions]...
2022-11-16,02:33:25 [DEBUG] (state.py:state:635): Returning value '[]'
2022-11-16,02:33:25 [DEBUG] (state.py:state:148): Collected endpoints: {}
2022-11-16,02:33:25 [INFO] (web.py:web:2239): 200 GET /endpoints (::1) 4.00ms
